# JRE version: Java(TM) SE Runtime Environment (8.0_221-b11) (build 1.8.0_221-b11)
# Java VM: Java HotSpot(TM) 64-Bit Server VM (25.221-b11 mixed mode windows-amd64 compressed oops)
Heap:
 PSYoungGen      total 161280K, used 10722K [0x000000076ba00000, 0x0000000777380000, 0x00000007c0000000)
  eden space 136192K, 7% used [0x000000076ba00000,0x000000076c478978,0x0000000773f00000)
  from space 25088K, 0% used [0x0000000773f00000,0x0000000773f00000,0x0000000775780000)
  to   space 19456K, 0% used [0x0000000775780000,0x0000000775780000,0x0000000776a80000)
 ParOldGen       total 109568K, used 61508K [0x00000006c2e00000, 0x00000006c9900000, 0x000000076ba00000)
  object space 109568K, 56% used [0x00000006c2e00000,0x00000006c6a112f8,0x00000006c9900000)
 Metaspace       used 57680K, capacity 58828K, committed 59352K, reserved 1101824K
  class space    used 7169K, capacity 7531K, committed 7552K, reserved 1048576K
GC Heap History (10 events):
Event: 12.684 GC heap before
{Heap before GC invocations=8 (full 1):
 PSYoungGen      total 102400K, used 65242K [0x000000076ba00000, 0x0000000773580000, 0x00000007c0000000)
  eden space 90624K, 59% used [0x000000076ba00000,0x000000076ee37298,0x0000000771280000)
  from space 11776K, 99% used [0x0000000772180000,0x0000000772cff6c0,0x0000000772d00000)
  to   space 15360K, 0% used [0x0000000771280000,0x0000000771280000,0x0000000772180000)
 ParOldGen       total 109568K, used 14905K [0x00000006c2e00000, 0x00000006c9900000, 0x000000076ba00000)
  object space 109568K, 13% used [0x00000006c2e00000,0x00000006c3c8e6f8,0x00000006c9900000)
 Metaspace       used 34523K, capacity 35274K, committed 35456K, reserved 1081344K
  class space    used 3963K, capacity 4224K, committed 4224K, reserved 1048576K
Event: 12.709 GC heap after
Heap after GC invocations=8 (full 1):
 PSYoungGen      total 105984K, used 15338K [0x000000076ba00000, 0x0000000776a80000, 0x00000007c0000000)
  eden space 90624K, 0% used [0x000000076ba00000,0x000000076ba00000,0x0000000771280000)
  from space 15360K, 99% used [0x0000000771280000,0x000000077217a8b0,0x0000000772180000)
  to   space 19456K, 0% used [0x0000000775780000,0x0000000775780000,0x0000000776a80000)
 ParOldGen       total 109568K, used 19903K [0x00000006c2e00000, 0x00000006c9900000, 0x000000076ba00000)
  object space 109568K, 18% used [0x00000006c2e00000,0x00000006c416fc10,0x00000006c9900000)
 Metaspace       used 34523K, capacity 35274K, committed 35456K, reserved 1081344K
  class space    used 3963K, capacity 4224K, committed 4224K, reserved 1048576K
}
Event: 12.709 GC heap before
{Heap before GC invocations=9 (full 2):
 PSYoungGen      total 105984K, used 15338K [0x000000076ba00000, 0x0000000776a80000, 0x00000007c0000000)
  eden space 90624K, 0% used [0x000000076ba00000,0x000000076ba00000,0x0000000771280000)
  from space 15360K, 99% used [0x0000000771280000,0x000000077217a8b0,0x0000000772180000)
  to   space 19456K, 0% used [0x0000000775780000,0x0000000775780000,0x0000000776a80000)
 ParOldGen       total 109568K, used 19903K [0x00000006c2e00000, 0x00000006c9900000, 0x000000076ba00000)
  object space 109568K, 18% used [0x00000006c2e00000,0x00000006c416fc10,0x00000006c9900000)
 Metaspace       used 34523K, capacity 35274K, committed 35456K, reserved 1081344K
  class space    used 3963K, capacity 4224K, committed 4224K, reserved 1048576K
Event: 12.789 GC heap after
Heap after GC invocations=9 (full 2):
 PSYoungGen      total 105984K, used 0K [0x000000076ba00000, 0x0000000776a80000, 0x00000007c0000000)
  eden space 90624K, 0% used [0x000000076ba00000,0x000000076ba00000,0x0000000771280000)
  from space 15360K, 0% used [0x0000000771280000,0x0000000771280000,0x0000000772180000)
  to   space 19456K, 0% used [0x0000000775780000,0x0000000775780000,0x0000000776a80000)
 ParOldGen       total 109568K, used 25456K [0x00000006c2e00000, 0x00000006c9900000, 0x000000076ba00000)
  object space 109568K, 23% used [0x00000006c2e00000,0x00000006c46dc368,0x00000006c9900000)
 Metaspace       used 34523K, capacity 35274K, committed 35456K, reserved 1081344K
  class space    used 3963K, capacity 4224K, committed 4224K, reserved 1048576K
}
Event: 14.014 GC heap before
{Heap before GC invocations=10 (full 2):
 PSYoungGen      total 105984K, used 90624K [0x000000076ba00000, 0x0000000776a80000, 0x00000007c0000000)
  eden space 90624K, 100% used [0x000000076ba00000,0x0000000771280000,0x0000000771280000)
  from space 15360K, 0% used [0x0000000771280000,0x0000000771280000,0x0000000772180000)
  to   space 19456K, 0% used [0x0000000775780000,0x0000000775780000,0x0000000776a80000)
 ParOldGen       total 109568K, used 25456K [0x00000006c2e00000, 0x00000006c9900000, 0x000000076ba00000)
  object space 109568K, 23% used [0x00000006c2e00000,0x00000006c46dc368,0x00000006c9900000)
 Metaspace       used 44096K, capacity 45082K, committed 45568K, reserved 1089536K
  class space    used 5495K, capacity 5800K, committed 5888K, reserved 1048576K
Event: 14.040 GC heap after
Heap after GC invocations=10 (full 2):
 PSYoungGen      total 155648K, used 19427K [0x000000076ba00000, 0x0000000777380000, 0x00000007c0000000)
  eden space 136192K, 0% used [0x000000076ba00000,0x000000076ba00000,0x0000000773f00000)
  from space 19456K, 99% used [0x0000000775780000,0x0000000776a78d40,0x0000000776a80000)
  to   space 25088K, 0% used [0x0000000773f00000,0x0000000773f00000,0x0000000775780000)
 ParOldGen       total 109568K, used 32884K [0x00000006c2e00000, 0x00000006c9900000, 0x000000076ba00000)
  object space 109568K, 30% used [0x00000006c2e00000,0x00000006c4e1d260,0x00000006c9900000)
 Metaspace       used 44096K, capacity 45082K, committed 45568K, reserved 1089536K
  class space    used 5495K, capacity 5800K, committed 5888K, reserved 1048576K
}
Event: 15.824 GC heap before
{Heap before GC invocations=11 (full 2):
 PSYoungGen      total 155648K, used 146326K [0x000000076ba00000, 0x0000000777380000, 0x00000007c0000000)
  eden space 136192K, 93% used [0x000000076ba00000,0x00000007735ecd88,0x0000000773f00000)
  from space 19456K, 99% used [0x0000000775780000,0x0000000776a78d40,0x0000000776a80000)
  to   space 25088K, 0% used [0x0000000773f00000,0x0000000773f00000,0x0000000775780000)
 ParOldGen       total 109568K, used 32884K [0x00000006c2e00000, 0x00000006c9900000, 0x000000076ba00000)
  object space 109568K, 30% used [0x00000006c2e00000,0x00000006c4e1d260,0x00000006c9900000)
 Metaspace       used 57639K, capacity 58700K, committed 59096K, reserved 1101824K
  class space    used 7167K, capacity 7531K, committed 7552K, reserved 1048576K
Event: 15.870 GC heap after
Heap after GC invocations=11 (full 2):
 PSYoungGen      total 161280K, used 25080K [0x000000076ba00000, 0x0000000777380000, 0x00000007c0000000)
  eden space 136192K, 0% used [0x000000076ba00000,0x000000076ba00000,0x0000000773f00000)
  from space 25088K, 99% used [0x0000000773f00000,0x000000077577e1d8,0x0000000775780000)
  to   space 19456K, 0% used [0x0000000775780000,0x0000000775780000,0x0000000776a80000)
 ParOldGen       total 109568K, used 49694K [0x00000006c2e00000, 0x00000006c9900000, 0x000000076ba00000)
  object space 109568K, 45% used [0x00000006c2e00000,0x00000006c5e87898,0x00000006c9900000)
 Metaspace       used 57639K, capacity 58700K, committed 59096K, reserved 1101824K
  class space    used 7167K, capacity 7531K, committed 7552K, reserved 1048576K
}
Event: 15.870 GC heap before
{Heap before GC invocations=12 (full 3):
 PSYoungGen      total 161280K, used 25080K [0x000000076ba00000, 0x0000000777380000, 0x00000007c0000000)
  eden space 136192K, 0% used [0x000000076ba00000,0x000000076ba00000,0x0000000773f00000)
  from space 25088K, 99% used [0x0000000773f00000,0x000000077577e1d8,0x0000000775780000)
  to   space 19456K, 0% used [0x0000000775780000,0x0000000775780000,0x0000000776a80000)
 ParOldGen       total 109568K, used 49694K [0x00000006c2e00000, 0x00000006c9900000, 0x000000076ba00000)
  object space 109568K, 45% used [0x00000006c2e00000,0x00000006c5e87898,0x00000006c9900000)
 Metaspace       used 57639K, capacity 58700K, committed 59096K, reserved 1101824K
  class space    used 7167K, capacity 7531K, committed 7552K, reserved 1048576K
Event: 16.249 GC heap after
Heap after GC invocations=12 (full 3):
 PSYoungGen      total 161280K, used 0K [0x000000076ba00000, 0x0000000777380000, 0x00000007c0000000)
  eden space 136192K, 0% used [0x000000076ba00000,0x000000076ba00000,0x0000000773f00000)
  from space 25088K, 0% used [0x0000000773f00000,0x0000000773f00000,0x0000000775780000)
  to   space 19456K, 0% used [0x0000000775780000,0x0000000775780000,0x0000000776a80000)
 ParOldGen       total 109568K, used 61508K [0x00000006c2e00000, 0x00000006c9900000, 0x000000076ba00000)
  object space 109568K, 56% used [0x00000006c2e00000,0x00000006c6a112f8,0x00000006c9900000)
 Metaspace       used 57639K, capacity 58700K, committed 59096K, reserved 1101824K
  class space    used 7167K, capacity 7531K, committed 7552K, reserved 1048576K
}

